

Processing GamesController#index (for 127.0.0.1 at 2011-02-27 16:42:20) [GET]
  [4;36;1mGame Load (0.0ms)[0m   [0;1mSQLite3::SQLException: no such table: games: SELECT * FROM "games" [0m

ActiveRecord::StatementInvalid (SQLite3::SQLException: no such table: games: SELECT * FROM "games" ):
  app/controllers/games_controller.rb:3:in `index'
  /System/Library/Frameworks/Ruby.framework/Versions/1.8/usr/lib/ruby/1.8/webrick/httpserver.rb:104:in `service'
  /System/Library/Frameworks/Ruby.framework/Versions/1.8/usr/lib/ruby/1.8/webrick/httpserver.rb:65:in `run'
  /System/Library/Frameworks/Ruby.framework/Versions/1.8/usr/lib/ruby/1.8/webrick/server.rb:173:in `start_thread'
  /System/Library/Frameworks/Ruby.framework/Versions/1.8/usr/lib/ruby/1.8/webrick/server.rb:162:in `start'
  /System/Library/Frameworks/Ruby.framework/Versions/1.8/usr/lib/ruby/1.8/webrick/server.rb:162:in `start_thread'
  /System/Library/Frameworks/Ruby.framework/Versions/1.8/usr/lib/ruby/1.8/webrick/server.rb:95:in `start'
  /System/Library/Frameworks/Ruby.framework/Versions/1.8/usr/lib/ruby/1.8/webrick/server.rb:92:in `each'
  /System/Library/Frameworks/Ruby.framework/Versions/1.8/usr/lib/ruby/1.8/webrick/server.rb:92:in `start'
  /System/Library/Frameworks/Ruby.framework/Versions/1.8/usr/lib/ruby/1.8/webrick/server.rb:23:in `start'
  /System/Library/Frameworks/Ruby.framework/Versions/1.8/usr/lib/ruby/1.8/webrick/server.rb:82:in `start'

Rendered rescues/_trace (37.4ms)
Rendered rescues/_request_and_response (1.2ms)
Rendering rescues/layout (internal_server_error)


Processing ApplicationController#index (for 127.0.0.1 at 2011-02-27 16:42:27) [GET]

ActionController::RoutingError (No route matches "/game" with {:method=>:get}):
  /System/Library/Frameworks/Ruby.framework/Versions/1.8/usr/lib/ruby/1.8/webrick/httpserver.rb:104:in `service'
  /System/Library/Frameworks/Ruby.framework/Versions/1.8/usr/lib/ruby/1.8/webrick/httpserver.rb:65:in `run'
  /System/Library/Frameworks/Ruby.framework/Versions/1.8/usr/lib/ruby/1.8/webrick/server.rb:173:in `start_thread'
  /System/Library/Frameworks/Ruby.framework/Versions/1.8/usr/lib/ruby/1.8/webrick/server.rb:162:in `start'
  /System/Library/Frameworks/Ruby.framework/Versions/1.8/usr/lib/ruby/1.8/webrick/server.rb:162:in `start_thread'
  /System/Library/Frameworks/Ruby.framework/Versions/1.8/usr/lib/ruby/1.8/webrick/server.rb:95:in `start'
  /System/Library/Frameworks/Ruby.framework/Versions/1.8/usr/lib/ruby/1.8/webrick/server.rb:92:in `each'
  /System/Library/Frameworks/Ruby.framework/Versions/1.8/usr/lib/ruby/1.8/webrick/server.rb:92:in `start'
  /System/Library/Frameworks/Ruby.framework/Versions/1.8/usr/lib/ruby/1.8/webrick/server.rb:23:in `start'
  /System/Library/Frameworks/Ruby.framework/Versions/1.8/usr/lib/ruby/1.8/webrick/server.rb:82:in `start'

Rendering rescues/layout (not_found)


Processing GamesController#index (for 127.0.0.1 at 2011-02-27 16:42:50) [GET]
  [4;35;1mGame Load (0.0ms)[0m   [0mSQLite3::SQLException: no such table: games: SELECT * FROM "games" [0m

ActiveRecord::StatementInvalid (SQLite3::SQLException: no such table: games: SELECT * FROM "games" ):
  app/controllers/games_controller.rb:3:in `index'
  /System/Library/Frameworks/Ruby.framework/Versions/1.8/usr/lib/ruby/1.8/webrick/httpserver.rb:104:in `service'
  /System/Library/Frameworks/Ruby.framework/Versions/1.8/usr/lib/ruby/1.8/webrick/httpserver.rb:65:in `run'
  /System/Library/Frameworks/Ruby.framework/Versions/1.8/usr/lib/ruby/1.8/webrick/server.rb:173:in `start_thread'
  /System/Library/Frameworks/Ruby.framework/Versions/1.8/usr/lib/ruby/1.8/webrick/server.rb:162:in `start'
  /System/Library/Frameworks/Ruby.framework/Versions/1.8/usr/lib/ruby/1.8/webrick/server.rb:162:in `start_thread'
  /System/Library/Frameworks/Ruby.framework/Versions/1.8/usr/lib/ruby/1.8/webrick/server.rb:95:in `start'
  /System/Library/Frameworks/Ruby.framework/Versions/1.8/usr/lib/ruby/1.8/webrick/server.rb:92:in `each'
  /System/Library/Frameworks/Ruby.framework/Versions/1.8/usr/lib/ruby/1.8/webrick/server.rb:92:in `start'
  /System/Library/Frameworks/Ruby.framework/Versions/1.8/usr/lib/ruby/1.8/webrick/server.rb:23:in `start'
  /System/Library/Frameworks/Ruby.framework/Versions/1.8/usr/lib/ruby/1.8/webrick/server.rb:82:in `start'

Rendered rescues/_trace (36.4ms)
Rendered rescues/_request_and_response (0.3ms)
Rendering rescues/layout (internal_server_error)
  [4;36;1mSQL (0.2ms)[0m   [0;1m SELECT name
 FROM sqlite_master
 WHERE type = 'table' AND NOT name = 'sqlite_sequence'
[0m
  [4;35;1mSQL (0.1ms)[0m   [0mselect sqlite_version(*)[0m
  [4;36;1mSQL (2.4ms)[0m   [0;1mCREATE TABLE "schema_migrations" ("version" varchar(255) NOT NULL) [0m
  [4;35;1mSQL (0.1ms)[0m   [0mPRAGMA index_list("schema_migrations")[0m
  [4;36;1mSQL (27.6ms)[0m   [0;1mCREATE UNIQUE INDEX "unique_schema_migrations" ON "schema_migrations" ("version")[0m
  [4;35;1mSQL (0.2ms)[0m   [0m SELECT name
 FROM sqlite_master
 WHERE type = 'table' AND NOT name = 'sqlite_sequence'
[0m
  [4;36;1mSQL (0.1ms)[0m   [0;1mSELECT version FROM schema_migrations[0m
Migrating to CreateGames (20110227234118)
  [4;35;1mSQL (0.5ms)[0m   [0mCREATE TABLE "games" ("id" INTEGER PRIMARY KEY AUTOINCREMENT NOT NULL, "title" varchar(255), "rating" varchar(255), "user_id" integer, "created_at" datetime, "updated_at" datetime) [0m
  [4;36;1mSQL (0.1ms)[0m   [0;1mINSERT INTO schema_migrations (version) VALUES ('20110227234118')[0m
  [4;35;1mSQL (0.2ms)[0m   [0m SELECT name
 FROM sqlite_master
 WHERE type = 'table' AND NOT name = 'sqlite_sequence'
[0m
  [4;36;1mSQL (0.1ms)[0m   [0;1mSELECT version FROM schema_migrations[0m
  [4;35;1mSQL (0.1ms)[0m   [0m SELECT name
 FROM sqlite_master
 WHERE type = 'table' AND NOT name = 'sqlite_sequence'
[0m
  [4;36;1mSQL (0.0ms)[0m   [0;1mPRAGMA index_list("games")[0m


Processing GamesController#index (for 127.0.0.1 at 2011-02-27 16:44:07) [GET]
  [4;36;1mGame Load (0.3ms)[0m   [0;1mSELECT * FROM "games" [0m

ActionView::MissingTemplate (Missing template games/index.erb in view path app/views:/Library/Ruby/Gems/1.8/gems/declarative_authorization-0.5.2/app/views):
  /System/Library/Frameworks/Ruby.framework/Versions/1.8/usr/lib/ruby/1.8/webrick/httpserver.rb:104:in `service'
  /System/Library/Frameworks/Ruby.framework/Versions/1.8/usr/lib/ruby/1.8/webrick/httpserver.rb:65:in `run'
  /System/Library/Frameworks/Ruby.framework/Versions/1.8/usr/lib/ruby/1.8/webrick/server.rb:173:in `start_thread'
  /System/Library/Frameworks/Ruby.framework/Versions/1.8/usr/lib/ruby/1.8/webrick/server.rb:162:in `start'
  /System/Library/Frameworks/Ruby.framework/Versions/1.8/usr/lib/ruby/1.8/webrick/server.rb:162:in `start_thread'
  /System/Library/Frameworks/Ruby.framework/Versions/1.8/usr/lib/ruby/1.8/webrick/server.rb:95:in `start'
  /System/Library/Frameworks/Ruby.framework/Versions/1.8/usr/lib/ruby/1.8/webrick/server.rb:92:in `each'
  /System/Library/Frameworks/Ruby.framework/Versions/1.8/usr/lib/ruby/1.8/webrick/server.rb:92:in `start'
  /System/Library/Frameworks/Ruby.framework/Versions/1.8/usr/lib/ruby/1.8/webrick/server.rb:23:in `start'
  /System/Library/Frameworks/Ruby.framework/Versions/1.8/usr/lib/ruby/1.8/webrick/server.rb:82:in `start'

Rendering rescues/layout (internal_server_error)


Processing GamesController#index (for 127.0.0.1 at 2011-02-27 16:50:16) [GET]
  [4;36;1mGame Load (0.4ms)[0m   [0;1mSELECT * FROM "games" [0m
Rendering games/index

ActionView::TemplateError (undefined method `title' for #<ActionView::Base:0x103302740>) on line #1 of app/views/games/index.html.haml:
1: - title "Games"
2: 
3: %table
4:   %tr

    app/views/games/index.html.haml:1:in `_run_haml_app47views47games47index46html46haml'
    haml (3.0.25) rails/./lib/haml/helpers/action_view_mods.rb:13:in `render'
    haml (3.0.25) rails/./lib/sass/plugin/rack.rb:41:in `call'
    /System/Library/Frameworks/Ruby.framework/Versions/1.8/usr/lib/ruby/1.8/webrick/httpserver.rb:104:in `service'
    /System/Library/Frameworks/Ruby.framework/Versions/1.8/usr/lib/ruby/1.8/webrick/httpserver.rb:65:in `run'
    /System/Library/Frameworks/Ruby.framework/Versions/1.8/usr/lib/ruby/1.8/webrick/server.rb:173:in `start_thread'
    /System/Library/Frameworks/Ruby.framework/Versions/1.8/usr/lib/ruby/1.8/webrick/server.rb:162:in `start'
    /System/Library/Frameworks/Ruby.framework/Versions/1.8/usr/lib/ruby/1.8/webrick/server.rb:162:in `start_thread'
    /System/Library/Frameworks/Ruby.framework/Versions/1.8/usr/lib/ruby/1.8/webrick/server.rb:95:in `start'
    /System/Library/Frameworks/Ruby.framework/Versions/1.8/usr/lib/ruby/1.8/webrick/server.rb:92:in `each'
    /System/Library/Frameworks/Ruby.framework/Versions/1.8/usr/lib/ruby/1.8/webrick/server.rb:92:in `start'
    /System/Library/Frameworks/Ruby.framework/Versions/1.8/usr/lib/ruby/1.8/webrick/server.rb:23:in `start'
    /System/Library/Frameworks/Ruby.framework/Versions/1.8/usr/lib/ruby/1.8/webrick/server.rb:82:in `start'

Rendered rescues/_trace (39.2ms)
Rendered rescues/_request_and_response (1.2ms)
Rendering rescues/layout (internal_server_error)


Processing GamesController#index (for 127.0.0.1 at 2011-02-27 16:51:46) [GET]
  [4;35;1mGame Load (0.3ms)[0m   [0mSELECT * FROM "games" [0m
Rendering games/index

ActionView::TemplateError (undefined method `title' for #<ActionView::Base:0x10365cdc8>) on line #1 of app/views/games/index.html.haml:
1: - title "Games"
2: 
3: %table
4:   %tr

    app/views/games/index.html.haml:1:in `_run_haml_app47views47games47index46html46haml'
    haml (3.0.25) rails/./lib/haml/helpers/action_view_mods.rb:13:in `render'
    haml (3.0.25) rails/./lib/sass/plugin/rack.rb:41:in `call'
    /System/Library/Frameworks/Ruby.framework/Versions/1.8/usr/lib/ruby/1.8/webrick/httpserver.rb:104:in `service'
    /System/Library/Frameworks/Ruby.framework/Versions/1.8/usr/lib/ruby/1.8/webrick/httpserver.rb:65:in `run'
    /System/Library/Frameworks/Ruby.framework/Versions/1.8/usr/lib/ruby/1.8/webrick/server.rb:173:in `start_thread'
    /System/Library/Frameworks/Ruby.framework/Versions/1.8/usr/lib/ruby/1.8/webrick/server.rb:162:in `start'
    /System/Library/Frameworks/Ruby.framework/Versions/1.8/usr/lib/ruby/1.8/webrick/server.rb:162:in `start_thread'
    /System/Library/Frameworks/Ruby.framework/Versions/1.8/usr/lib/ruby/1.8/webrick/server.rb:95:in `start'
    /System/Library/Frameworks/Ruby.framework/Versions/1.8/usr/lib/ruby/1.8/webrick/server.rb:92:in `each'
    /System/Library/Frameworks/Ruby.framework/Versions/1.8/usr/lib/ruby/1.8/webrick/server.rb:92:in `start'
    /System/Library/Frameworks/Ruby.framework/Versions/1.8/usr/lib/ruby/1.8/webrick/server.rb:23:in `start'
    /System/Library/Frameworks/Ruby.framework/Versions/1.8/usr/lib/ruby/1.8/webrick/server.rb:82:in `start'

Rendered rescues/_trace (35.4ms)
Rendered rescues/_request_and_response (0.3ms)
Rendering rescues/layout (internal_server_error)


Processing GamesController#index (for 127.0.0.1 at 2011-02-27 16:55:57) [GET]
  [4;36;1mGame Load (0.3ms)[0m   [0;1mSELECT * FROM "games" [0m
Rendering games/index
Completed in 11ms (View: 7, DB: 0) | 200 OK [http://localhost/games]


Processing GamesController#new (for 127.0.0.1 at 2011-02-27 16:56:00) [GET]
Rendering games/new

ActionView::TemplateError (undefined method `title' for #<ActionView::Base:0x1030a9a20>) on line #1 of app/views/games/new.html.haml:
1: - title "New Game"
2: 
3: = render :partial => 'form'
4: 

    app/views/games/new.html.haml:1:in `_run_haml_app47views47games47new46html46haml'
    haml (3.0.25) rails/./lib/haml/helpers/action_view_mods.rb:13:in `render'
    haml (3.0.25) rails/./lib/sass/plugin/rack.rb:41:in `call'
    /System/Library/Frameworks/Ruby.framework/Versions/1.8/usr/lib/ruby/1.8/webrick/httpserver.rb:104:in `service'
    /System/Library/Frameworks/Ruby.framework/Versions/1.8/usr/lib/ruby/1.8/webrick/httpserver.rb:65:in `run'
    /System/Library/Frameworks/Ruby.framework/Versions/1.8/usr/lib/ruby/1.8/webrick/server.rb:173:in `start_thread'
    /System/Library/Frameworks/Ruby.framework/Versions/1.8/usr/lib/ruby/1.8/webrick/server.rb:162:in `start'
    /System/Library/Frameworks/Ruby.framework/Versions/1.8/usr/lib/ruby/1.8/webrick/server.rb:162:in `start_thread'
    /System/Library/Frameworks/Ruby.framework/Versions/1.8/usr/lib/ruby/1.8/webrick/server.rb:95:in `start'
    /System/Library/Frameworks/Ruby.framework/Versions/1.8/usr/lib/ruby/1.8/webrick/server.rb:92:in `each'
    /System/Library/Frameworks/Ruby.framework/Versions/1.8/usr/lib/ruby/1.8/webrick/server.rb:92:in `start'
    /System/Library/Frameworks/Ruby.framework/Versions/1.8/usr/lib/ruby/1.8/webrick/server.rb:23:in `start'
    /System/Library/Frameworks/Ruby.framework/Versions/1.8/usr/lib/ruby/1.8/webrick/server.rb:82:in `start'

Rendered rescues/_trace (112.9ms)
Rendered rescues/_request_and_response (0.3ms)
Rendering rescues/layout (internal_server_error)


Processing GamesController#index (for 127.0.0.1 at 2011-02-27 16:56:12) [GET]
  [4;35;1mGame Load (0.3ms)[0m   [0mSELECT * FROM "games" [0m
Rendering games/index

ActionView::TemplateError (undefined method `title' for #<ActionView::Base:0x1033b44b8>) on line #1 of app/views/games/index.html.haml:
1: - title "Games"
2: 
3: %table
4:   %tr

    app/views/games/index.html.haml:1:in `_run_haml_app47views47games47index46html46haml'
    haml (3.0.25) rails/./lib/haml/helpers/action_view_mods.rb:13:in `render'
    haml (3.0.25) rails/./lib/sass/plugin/rack.rb:41:in `call'
    /System/Library/Frameworks/Ruby.framework/Versions/1.8/usr/lib/ruby/1.8/webrick/httpserver.rb:104:in `service'
    /System/Library/Frameworks/Ruby.framework/Versions/1.8/usr/lib/ruby/1.8/webrick/httpserver.rb:65:in `run'
    /System/Library/Frameworks/Ruby.framework/Versions/1.8/usr/lib/ruby/1.8/webrick/server.rb:173:in `start_thread'
    /System/Library/Frameworks/Ruby.framework/Versions/1.8/usr/lib/ruby/1.8/webrick/server.rb:162:in `start'
    /System/Library/Frameworks/Ruby.framework/Versions/1.8/usr/lib/ruby/1.8/webrick/server.rb:162:in `start_thread'
    /System/Library/Frameworks/Ruby.framework/Versions/1.8/usr/lib/ruby/1.8/webrick/server.rb:95:in `start'
    /System/Library/Frameworks/Ruby.framework/Versions/1.8/usr/lib/ruby/1.8/webrick/server.rb:92:in `each'
    /System/Library/Frameworks/Ruby.framework/Versions/1.8/usr/lib/ruby/1.8/webrick/server.rb:92:in `start'
    /System/Library/Frameworks/Ruby.framework/Versions/1.8/usr/lib/ruby/1.8/webrick/server.rb:23:in `start'
    /System/Library/Frameworks/Ruby.framework/Versions/1.8/usr/lib/ruby/1.8/webrick/server.rb:82:in `start'

Rendered rescues/_trace (34.5ms)
Rendered rescues/_request_and_response (0.3ms)
Rendering rescues/layout (internal_server_error)


Processing GamesController#index (for 127.0.0.1 at 2011-02-27 16:57:11) [GET]
  [4;36;1mGame Load (0.3ms)[0m   [0;1mSELECT * FROM "games" [0m
Rendering games/index
Completed in 92ms (View: 7, DB: 0) | 200 OK [http://localhost/games]


Processing GamesController#new (for 127.0.0.1 at 2011-02-27 16:57:29) [GET]
Rendering games/new
Rendered games/_form (9.6ms)
Completed in 22ms (View: 18, DB: 0) | 200 OK [http://localhost/games/new]


Processing GamesController#create (for 127.0.0.1 at 2011-02-27 16:58:05) [POST]
  Parameters: {"game"=>{"rating"=>"Awesome", "title"=>"Game", "user_id"=>"1"}, "commit"=>"Save changes", "authenticity_token"=>"XuW33yjSdE2OdwlE5zV5UatFne4pdc10ELCM9ILly6A="}
  [4;35;1mGame Create (0.4ms)[0m   [0mINSERT INTO "games" ("rating", "created_at", "title", "updated_at", "user_id") VALUES('Awesome', '2011-02-27 23:58:05', 'Game', '2011-02-27 23:58:05', 1)[0m
Redirected to http://localhost:3000/games/1
Completed in 347ms (DB: 0) | 302 Found [http://localhost/games]


Processing GamesController#show (for 127.0.0.1 at 2011-02-27 16:58:06) [GET]
  Parameters: {"id"=>"1"}
  [4;36;1mGame Load (0.1ms)[0m   [0;1mSELECT * FROM "games" WHERE ("games"."id" = 1) [0m
Rendering games/show

ActionView::TemplateError (undefined method `title' for #<ActionView::Base:0x1032eafa0>) on line #1 of app/views/games/show.html.haml:
1: - title "Game"
2: 
3: %p
4:   %strong Title:

    app/views/games/show.html.haml:1:in `_run_haml_app47views47games47show46html46haml'
    haml (3.0.25) rails/./lib/haml/helpers/action_view_mods.rb:13:in `render'
    haml (3.0.25) rails/./lib/sass/plugin/rack.rb:41:in `call'
    /System/Library/Frameworks/Ruby.framework/Versions/1.8/usr/lib/ruby/1.8/webrick/httpserver.rb:104:in `service'
    /System/Library/Frameworks/Ruby.framework/Versions/1.8/usr/lib/ruby/1.8/webrick/httpserver.rb:65:in `run'
    /System/Library/Frameworks/Ruby.framework/Versions/1.8/usr/lib/ruby/1.8/webrick/server.rb:173:in `start_thread'
    /System/Library/Frameworks/Ruby.framework/Versions/1.8/usr/lib/ruby/1.8/webrick/server.rb:162:in `start'
    /System/Library/Frameworks/Ruby.framework/Versions/1.8/usr/lib/ruby/1.8/webrick/server.rb:162:in `start_thread'
    /System/Library/Frameworks/Ruby.framework/Versions/1.8/usr/lib/ruby/1.8/webrick/server.rb:95:in `start'
    /System/Library/Frameworks/Ruby.framework/Versions/1.8/usr/lib/ruby/1.8/webrick/server.rb:92:in `each'
    /System/Library/Frameworks/Ruby.framework/Versions/1.8/usr/lib/ruby/1.8/webrick/server.rb:92:in `start'
    /System/Library/Frameworks/Ruby.framework/Versions/1.8/usr/lib/ruby/1.8/webrick/server.rb:23:in `start'
    /System/Library/Frameworks/Ruby.framework/Versions/1.8/usr/lib/ruby/1.8/webrick/server.rb:82:in `start'

Rendered rescues/_trace (110.9ms)
Rendered rescues/_request_and_response (0.3ms)
Rendering rescues/layout (internal_server_error)


Processing GamesController#show (for 127.0.0.1 at 2011-02-27 16:58:20) [GET]
  Parameters: {"id"=>"1"}
  [4;35;1mGame Load (0.2ms)[0m   [0mSELECT * FROM "games" WHERE ("games"."id" = 1) [0m
Rendering games/show
Completed in 13ms (View: 8, DB: 0) | 200 OK [http://localhost/games/1]


Processing GamesController#index (for 127.0.0.1 at 2011-02-27 16:58:24) [GET]
  [4;36;1mGame Load (0.4ms)[0m   [0;1mSELECT * FROM "games" [0m
Rendering games/index
Completed in 8ms (View: 3, DB: 0) | 200 OK [http://localhost/games]


Processing GamesController#index (for 127.0.0.1 at 2011-02-27 17:00:14) [GET]
  [4;35;1mGame Load (0.4ms)[0m   [0mSELECT * FROM "games" [0m
Rendering games/index
Completed in 13ms (View: 9, DB: 0) | 200 OK [http://localhost/games]


Processing GamesController#index (for 127.0.0.1 at 2011-02-27 17:00:27) [GET]
  [4;36;1mGame Load (0.4ms)[0m   [0;1mSELECT * FROM "games" [0m
Rendering games/index
Completed in 14ms (View: 9, DB: 0) | 200 OK [http://localhost/games]


Processing GamesController#index (for 127.0.0.1 at 2011-02-27 17:01:19) [GET]
  [4;35;1mGame Load (0.4ms)[0m   [0mSELECT * FROM "games" [0m
Rendering games/index
Completed in 8ms (View: 3, DB: 0) | 200 OK [http://localhost/games]


Processing GamesController#show (for 127.0.0.1 at 2011-02-27 17:01:21) [GET]
  Parameters: {"id"=>"1"}
  [4;36;1mGame Load (0.2ms)[0m   [0;1mSELECT * FROM "games" WHERE ("games"."id" = 1) [0m
Rendering games/show
Completed in 14ms (View: 9, DB: 0) | 200 OK [http://localhost/games/1]


Processing GamesController#index (for 127.0.0.1 at 2011-02-27 17:01:23) [GET]
  [4;35;1mGame Load (0.4ms)[0m   [0mSELECT * FROM "games" [0m
Rendering games/index
Completed in 7ms (View: 3, DB: 0) | 200 OK [http://localhost/games]


Processing GamesController#edit (for 127.0.0.1 at 2011-02-27 17:01:24) [GET]
  Parameters: {"id"=>"1"}
  [4;36;1mGame Load (0.2ms)[0m   [0;1mSELECT * FROM "games" WHERE ("games"."id" = 1) [0m
Rendering games/edit
Rendered games/_form (6.1ms)
Completed in 18ms (View: 13, DB: 0) | 200 OK [http://localhost/games/1/edit]


Processing GamesController#show (for 127.0.0.1 at 2011-02-27 17:01:27) [GET]
  Parameters: {"id"=>"1"}
  [4;35;1mGame Load (0.2ms)[0m   [0mSELECT * FROM "games" WHERE ("games"."id" = 1) [0m
Rendering games/show
Completed in 8ms (View: 3, DB: 0) | 200 OK [http://localhost/games/1]


Processing GamesController#index (for 127.0.0.1 at 2011-02-27 17:01:28) [GET]
  [4;36;1mGame Load (0.4ms)[0m   [0;1mSELECT * FROM "games" [0m
Rendering games/index
Completed in 8ms (View: 3, DB: 0) | 200 OK [http://localhost/games]


Processing GamesController#new (for 127.0.0.1 at 2011-02-27 17:01:31) [GET]
Rendering games/new
Rendered games/_form (6.0ms)
Completed in 17ms (View: 13, DB: 0) | 200 OK [http://localhost/games/new]


Processing GamesController#index (for 127.0.0.1 at 2011-02-27 17:01:33) [GET]
  [4;35;1mGame Load (0.4ms)[0m   [0mSELECT * FROM "games" [0m
Rendering games/index
Completed in 8ms (View: 4, DB: 0) | 200 OK [http://localhost/games]


Processing GamesController#index (for 127.0.0.1 at 2011-02-27 17:09:26) [GET]
  [4;36;1mGame Load (0.4ms)[0m   [0;1mSELECT * FROM "games" [0m
Rendering games/index
Completed in 18ms (View: 13, DB: 0) | 200 OK [http://localhost/games]
  [4;36;1mSQL (0.4ms)[0m   [0;1m SELECT name
 FROM sqlite_master
 WHERE type = 'table' AND NOT name = 'sqlite_sequence'
[0m
  [4;35;1mSQL (0.1ms)[0m   [0mSELECT version FROM schema_migrations[0m
Migrating to CreateGames (20110227234118)
Migrating to CreateUsers (20110228002135)
  [4;36;1mSQL (0.1ms)[0m   [0;1mselect sqlite_version(*)[0m
  [4;35;1mSQL (0.5ms)[0m   [0mCREATE TABLE "users" ("id" INTEGER PRIMARY KEY AUTOINCREMENT NOT NULL, "username" varchar(255), "crypted_password" varchar(255), "password_salt" varchar(255), "persistence_token" varchar(255), "last_login_at" datetime, "first_name" varchar(255), "last_name" varchar(255), "email" varchar(255), "role_id" integer, "created_at" datetime, "updated_at" datetime) [0m
  [4;36;1mSQL (0.1ms)[0m   [0;1mINSERT INTO schema_migrations (version) VALUES ('20110228002135')[0m
  [4;35;1mSQL (0.2ms)[0m   [0m SELECT name
 FROM sqlite_master
 WHERE type = 'table' AND NOT name = 'sqlite_sequence'
[0m
  [4;36;1mSQL (0.5ms)[0m   [0;1mSELECT version FROM schema_migrations[0m
  [4;35;1mSQL (0.2ms)[0m   [0m SELECT name
 FROM sqlite_master
 WHERE type = 'table' AND NOT name = 'sqlite_sequence'
[0m
  [4;36;1mSQL (0.0ms)[0m   [0;1mPRAGMA index_list("games")[0m
  [4;35;1mSQL (0.0ms)[0m   [0mPRAGMA index_list("users")[0m


Processing UsersController#new (for 127.0.0.1 at 2011-02-27 17:26:20) [GET]
Rendering users/new

ActionView::TemplateError (undefined method `title' for #<ActionView::Base:0x1032920f8>) on line #1 of app/views/users/new.html.erb:
1: <% title "New User" %>
2: 
3: <%= render :partial => 'form' %>

    app/views/users/new.html.erb:1
    haml (3.0.25) rails/./lib/haml/helpers/action_view_mods.rb:13:in `render'
    haml (3.0.25) rails/./lib/sass/plugin/rack.rb:41:in `call'
    /System/Library/Frameworks/Ruby.framework/Versions/1.8/usr/lib/ruby/1.8/webrick/httpserver.rb:104:in `service'
    /System/Library/Frameworks/Ruby.framework/Versions/1.8/usr/lib/ruby/1.8/webrick/httpserver.rb:65:in `run'
    /System/Library/Frameworks/Ruby.framework/Versions/1.8/usr/lib/ruby/1.8/webrick/server.rb:173:in `start_thread'
    /System/Library/Frameworks/Ruby.framework/Versions/1.8/usr/lib/ruby/1.8/webrick/server.rb:162:in `start'
    /System/Library/Frameworks/Ruby.framework/Versions/1.8/usr/lib/ruby/1.8/webrick/server.rb:162:in `start_thread'
    /System/Library/Frameworks/Ruby.framework/Versions/1.8/usr/lib/ruby/1.8/webrick/server.rb:95:in `start'
    /System/Library/Frameworks/Ruby.framework/Versions/1.8/usr/lib/ruby/1.8/webrick/server.rb:92:in `each'
    /System/Library/Frameworks/Ruby.framework/Versions/1.8/usr/lib/ruby/1.8/webrick/server.rb:92:in `start'
    /System/Library/Frameworks/Ruby.framework/Versions/1.8/usr/lib/ruby/1.8/webrick/server.rb:23:in `start'
    /System/Library/Frameworks/Ruby.framework/Versions/1.8/usr/lib/ruby/1.8/webrick/server.rb:82:in `start'

Rendered rescues/_trace (110.1ms)
Rendered rescues/_request_and_response (1.1ms)
Rendering rescues/layout (internal_server_error)


Processing UsersController#new (for 127.0.0.1 at 2011-02-27 17:28:02) [GET]
Rendering users/new
Completed in 14ms (View: 6, DB: 0) | 200 OK [http://localhost/users/new]


Processing UsersController#new (for 127.0.0.1 at 2011-02-27 17:28:29) [GET]
Rendering users/new
Completed in 14ms (View: 5, DB: 0) | 200 OK [http://localhost/users/new]


Processing UsersController#new (for 127.0.0.1 at 2011-02-27 17:28:45) [GET]
Rendering users/new
Completed in 9ms (View: 1, DB: 0) | 200 OK [http://localhost/users/new]


Processing UsersController#new (for 127.0.0.1 at 2011-02-27 17:28:46) [GET]
Rendering users/new
Completed in 9ms (View: 1, DB: 0) | 200 OK [http://localhost/users/new]


Processing UsersController#new (for 127.0.0.1 at 2011-02-27 17:28:57) [GET]
Rendering users/new

ActionView::TemplateError (Illegal nesting: nesting within plain text is illegal.) on line #2 of app/views/users/_form.html.haml:
1: <% form_for @user do |f| %>
2:   <%= f.error_messages %>
3:   <p>
4:     <%= f.label :username %><br />
5:     <%= f.text_field :username %>

    app/views/users/_form.html.haml:2
    haml (3.0.25) lib/haml/precompiler.rb:356:in `push_plain'
    haml (3.0.25) lib/haml/precompiler.rb:278:in `process_line'
    haml (3.0.25) lib/haml/precompiler.rb:178:in `precompile'
    haml (3.0.25) lib/haml/engine.rb:121:in `initialize'
    haml (3.0.25) rails/./lib/haml/template/plugin.rb:34:in `new'
    haml (3.0.25) rails/./lib/haml/template/plugin.rb:34:in `compile'
    haml (3.0.25) rails/./lib/haml/template/plugin.rb:39:in `call'
    haml (3.0.25) rails/./lib/haml/helpers/action_view_mods.rb:11:in `render'
    haml (3.0.25) lib/haml/helpers.rb:90:in `non_haml'
    haml (3.0.25) rails/./lib/haml/helpers/action_view_mods.rb:11:in `render'
    app/views/users/new.html.haml:3:in `_run_haml_app47views47users47new46html46haml'
    haml (3.0.25) rails/./lib/haml/helpers/action_view_mods.rb:13:in `render'
    haml (3.0.25) rails/./lib/sass/plugin/rack.rb:41:in `call'
    /System/Library/Frameworks/Ruby.framework/Versions/1.8/usr/lib/ruby/1.8/webrick/httpserver.rb:104:in `service'
    /System/Library/Frameworks/Ruby.framework/Versions/1.8/usr/lib/ruby/1.8/webrick/httpserver.rb:65:in `run'
    /System/Library/Frameworks/Ruby.framework/Versions/1.8/usr/lib/ruby/1.8/webrick/server.rb:173:in `start_thread'
    /System/Library/Frameworks/Ruby.framework/Versions/1.8/usr/lib/ruby/1.8/webrick/server.rb:162:in `start'
    /System/Library/Frameworks/Ruby.framework/Versions/1.8/usr/lib/ruby/1.8/webrick/server.rb:162:in `start_thread'
    /System/Library/Frameworks/Ruby.framework/Versions/1.8/usr/lib/ruby/1.8/webrick/server.rb:95:in `start'
    /System/Library/Frameworks/Ruby.framework/Versions/1.8/usr/lib/ruby/1.8/webrick/server.rb:92:in `each'
    /System/Library/Frameworks/Ruby.framework/Versions/1.8/usr/lib/ruby/1.8/webrick/server.rb:92:in `start'
    /System/Library/Frameworks/Ruby.framework/Versions/1.8/usr/lib/ruby/1.8/webrick/server.rb:23:in `start'
    /System/Library/Frameworks/Ruby.framework/Versions/1.8/usr/lib/ruby/1.8/webrick/server.rb:82:in `start'

Rendered rescues/_trace (47.8ms)
Rendered rescues/_request_and_response (0.3ms)
Rendering rescues/layout (internal_server_error)


Processing UsersController#new (for 127.0.0.1 at 2011-02-27 17:32:43) [GET]
Rendering users/new

ActionView::TemplateError (Inconsistent indentation: 1 tab was used for indentation, but the rest of the document was indented using 2 spaces.) on line #5 of app/views/users/_form.html.haml:
2:   = f.error_messages
3:   %p
4:     = f.label :username
5: 	%br
6:     = f.text_field :username
7: 
8:   %p

    app/views/users/_form.html.haml:5
    haml (3.0.25) lib/haml/precompiler.rb:152:in `tabs'
    haml (3.0.25) lib/haml/precompiler.rb:134:in `instance_eval'
    haml (3.0.25) lib/haml/precompiler.rb:134:in `tabs'
    haml (3.0.25) lib/haml/precompiler.rb:1048:in `block_opened?'
    haml (3.0.25) lib/haml/precompiler.rb:389:in `push_script'
    haml (3.0.25) lib/haml/precompiler.rb:224:in `process_line'
    haml (3.0.25) lib/haml/precompiler.rb:178:in `precompile'
    haml (3.0.25) lib/haml/engine.rb:121:in `initialize'
    haml (3.0.25) rails/./lib/haml/template/plugin.rb:34:in `new'
    haml (3.0.25) rails/./lib/haml/template/plugin.rb:34:in `compile'
    haml (3.0.25) rails/./lib/haml/template/plugin.rb:39:in `call'
    haml (3.0.25) rails/./lib/haml/helpers/action_view_mods.rb:11:in `render'
    haml (3.0.25) lib/haml/helpers.rb:90:in `non_haml'
    haml (3.0.25) rails/./lib/haml/helpers/action_view_mods.rb:11:in `render'
    app/views/users/new.html.haml:3:in `_run_haml_app47views47users47new46html46haml'
    haml (3.0.25) rails/./lib/haml/helpers/action_view_mods.rb:13:in `render'
    haml (3.0.25) rails/./lib/sass/plugin/rack.rb:41:in `call'
    /System/Library/Frameworks/Ruby.framework/Versions/1.8/usr/lib/ruby/1.8/webrick/httpserver.rb:104:in `service'
    /System/Library/Frameworks/Ruby.framework/Versions/1.8/usr/lib/ruby/1.8/webrick/httpserver.rb:65:in `run'
    /System/Library/Frameworks/Ruby.framework/Versions/1.8/usr/lib/ruby/1.8/webrick/server.rb:173:in `start_thread'
    /System/Library/Frameworks/Ruby.framework/Versions/1.8/usr/lib/ruby/1.8/webrick/server.rb:162:in `start'
    /System/Library/Frameworks/Ruby.framework/Versions/1.8/usr/lib/ruby/1.8/webrick/server.rb:162:in `start_thread'
    /System/Library/Frameworks/Ruby.framework/Versions/1.8/usr/lib/ruby/1.8/webrick/server.rb:95:in `start'
    /System/Library/Frameworks/Ruby.framework/Versions/1.8/usr/lib/ruby/1.8/webrick/server.rb:92:in `each'
    /System/Library/Frameworks/Ruby.framework/Versions/1.8/usr/lib/ruby/1.8/webrick/server.rb:92:in `start'
    /System/Library/Frameworks/Ruby.framework/Versions/1.8/usr/lib/ruby/1.8/webrick/server.rb:23:in `start'
    /System/Library/Frameworks/Ruby.framework/Versions/1.8/usr/lib/ruby/1.8/webrick/server.rb:82:in `start'

Rendered rescues/_trace (49.6ms)
Rendered rescues/_request_and_response (0.4ms)
Rendering rescues/layout (internal_server_error)


Processing UsersController#new (for 127.0.0.1 at 2011-02-27 17:34:17) [GET]
Rendering users/new
Rendered users/_form (11.2ms)
Completed in 23ms (View: 15, DB: 0) | 200 OK [http://localhost/users/new]


Processing UsersController#new (for 127.0.0.1 at 2011-02-27 17:34:37) [GET]
Rendering users/new
Rendered users/_form (89.1ms)
Completed in 101ms (View: 93, DB: 0) | 200 OK [http://localhost/users/new]


Processing UsersController#index (for 127.0.0.1 at 2011-02-27 17:34:46) [GET]

ActionController::UnknownAction (No action responded to index. Actions: create, edit, new, and update):
  haml (3.0.25) rails/./lib/sass/plugin/rack.rb:41:in `call'
  /System/Library/Frameworks/Ruby.framework/Versions/1.8/usr/lib/ruby/1.8/webrick/httpserver.rb:104:in `service'
  /System/Library/Frameworks/Ruby.framework/Versions/1.8/usr/lib/ruby/1.8/webrick/httpserver.rb:65:in `run'
  /System/Library/Frameworks/Ruby.framework/Versions/1.8/usr/lib/ruby/1.8/webrick/server.rb:173:in `start_thread'
  /System/Library/Frameworks/Ruby.framework/Versions/1.8/usr/lib/ruby/1.8/webrick/server.rb:162:in `start'
  /System/Library/Frameworks/Ruby.framework/Versions/1.8/usr/lib/ruby/1.8/webrick/server.rb:162:in `start_thread'
  /System/Library/Frameworks/Ruby.framework/Versions/1.8/usr/lib/ruby/1.8/webrick/server.rb:95:in `start'
  /System/Library/Frameworks/Ruby.framework/Versions/1.8/usr/lib/ruby/1.8/webrick/server.rb:92:in `each'
  /System/Library/Frameworks/Ruby.framework/Versions/1.8/usr/lib/ruby/1.8/webrick/server.rb:92:in `start'
  /System/Library/Frameworks/Ruby.framework/Versions/1.8/usr/lib/ruby/1.8/webrick/server.rb:23:in `start'
  /System/Library/Frameworks/Ruby.framework/Versions/1.8/usr/lib/ruby/1.8/webrick/server.rb:82:in `start'

Rendering rescues/layout (not_found)


Processing UsersController#show (for 127.0.0.1 at 2011-02-27 17:34:54) [GET]
  Parameters: {"id"=>"edit"}

ActionController::UnknownAction (No action responded to show. Actions: create, edit, new, and update):
  haml (3.0.25) rails/./lib/sass/plugin/rack.rb:41:in `call'
  /System/Library/Frameworks/Ruby.framework/Versions/1.8/usr/lib/ruby/1.8/webrick/httpserver.rb:104:in `service'
  /System/Library/Frameworks/Ruby.framework/Versions/1.8/usr/lib/ruby/1.8/webrick/httpserver.rb:65:in `run'
  /System/Library/Frameworks/Ruby.framework/Versions/1.8/usr/lib/ruby/1.8/webrick/server.rb:173:in `start_thread'
  /System/Library/Frameworks/Ruby.framework/Versions/1.8/usr/lib/ruby/1.8/webrick/server.rb:162:in `start'
  /System/Library/Frameworks/Ruby.framework/Versions/1.8/usr/lib/ruby/1.8/webrick/server.rb:162:in `start_thread'
  /System/Library/Frameworks/Ruby.framework/Versions/1.8/usr/lib/ruby/1.8/webrick/server.rb:95:in `start'
  /System/Library/Frameworks/Ruby.framework/Versions/1.8/usr/lib/ruby/1.8/webrick/server.rb:92:in `each'
  /System/Library/Frameworks/Ruby.framework/Versions/1.8/usr/lib/ruby/1.8/webrick/server.rb:92:in `start'
  /System/Library/Frameworks/Ruby.framework/Versions/1.8/usr/lib/ruby/1.8/webrick/server.rb:23:in `start'
  /System/Library/Frameworks/Ruby.framework/Versions/1.8/usr/lib/ruby/1.8/webrick/server.rb:82:in `start'

Rendering rescues/layout (not_found)


Processing UsersController#new (for 127.0.0.1 at 2011-02-27 17:37:11) [GET]
Rendering users/new
Rendered users/_form (12.5ms)
Completed in 25ms (View: 17, DB: 0) | 200 OK [http://localhost/users/new]


Processing UsersController#create (for 127.0.0.1 at 2011-02-27 17:37:30) [POST]
  Parameters: {"commit"=>"Save changes", "authenticity_token"=>"XuW33yjSdE2OdwlE5zV5UatFne4pdc10ELCM9ILly6A=", "user"=>{"password_confirmation"=>"asdf", "role_id"=>"1", "username"=>"cmckenna", "last_name"=>"McKenna", "password"=>"rosetta", "email"=>"cmckenna", "first_name"=>"Chad"}}
WARNING: Can't mass-assign these protected attributes: password_confirmation
  [4;35;1mUser Load (0.2ms)[0m   [0mSELECT "users".id FROM "users" WHERE (LOWER("users"."email") = 'cmckenna') LIMIT 1[0m
  [4;36;1mUser Load (0.1ms)[0m   [0;1mSELECT "users".id FROM "users" WHERE (LOWER("users"."username") = 'cmckenna') LIMIT 1[0m
  [4;35;1mUser Load (0.1ms)[0m   [0mSELECT "users".id FROM "users" WHERE ("users"."persistence_token" = '03c430c1b1eca4b51317798b16f468fb8cd34c916b859adcb784da31eb07982974e3f68c4001708ac6bfc57e00eb649833ed76e8321cefa668b05af08ca3dcd5') LIMIT 1[0m
Rendering users/new
Rendered users/_form (72.0ms)
Completed in 643ms (View: 73, DB: 0) | 200 OK [http://localhost/users]


Processing UsersController#create (for 127.0.0.1 at 2011-02-27 17:37:47) [POST]
  Parameters: {"commit"=>"Save changes", "authenticity_token"=>"XuW33yjSdE2OdwlE5zV5UatFne4pdc10ELCM9ILly6A=", "user"=>{"password_confirmation"=>"rosetta", "role_id"=>"1", "username"=>"cmckenna", "last_name"=>"McKenna", "password"=>"rosetta", "email"=>"cmckenna@gmail.com", "first_name"=>"Chad"}}
WARNING: Can't mass-assign these protected attributes: password_confirmation
  [4;36;1mUser Load (0.2ms)[0m   [0;1mSELECT "users".id FROM "users" WHERE (LOWER("users"."email") = 'cmckenna@gmail.com') LIMIT 1[0m
  [4;35;1mUser Load (0.1ms)[0m   [0mSELECT "users".id FROM "users" WHERE (LOWER("users"."username") = 'cmckenna') LIMIT 1[0m
  [4;36;1mUser Load (0.1ms)[0m   [0;1mSELECT "users".id FROM "users" WHERE ("users"."persistence_token" = '068bcecef782ada16d9262a7519e3e143b3a5e1820cb7ad8edbd03fbb8317ee89923be59a5bd11a514c73d0d616066254d65be5105951c16ee0450b6e483a91e') LIMIT 1[0m
Rendering users/new
Rendered users/_form (7.7ms)
Completed in 23ms (View: 9, DB: 0) | 200 OK [http://localhost/users]


Processing UsersController#create (for 127.0.0.1 at 2011-02-27 17:38:06) [POST]
  Parameters: {"commit"=>"Save changes", "authenticity_token"=>"XuW33yjSdE2OdwlE5zV5UatFne4pdc10ELCM9ILly6A=", "user"=>{"password_confirmation"=>"rosetta", "role_id"=>"1", "username"=>"cmckenna", "last_name"=>"McKenna", "password"=>"rosetta", "email"=>"chad.mckenna@gmail.com", "first_name"=>"Chad"}}
WARNING: Can't mass-assign these protected attributes: password_confirmation
  [4;35;1mUser Load (0.2ms)[0m   [0mSELECT "users".id FROM "users" WHERE (LOWER("users"."email") = 'chad.mckenna@gmail.com') LIMIT 1[0m
  [4;36;1mUser Load (0.1ms)[0m   [0;1mSELECT "users".id FROM "users" WHERE (LOWER("users"."username") = 'cmckenna') LIMIT 1[0m
  [4;35;1mUser Load (0.1ms)[0m   [0mSELECT "users".id FROM "users" WHERE ("users"."persistence_token" = 'd63df4a344030f41e3c8d859fa5a7107574043a0fba4c9ae2779d9f1dea014be1a4b828a57fd16dd210198480f9c189eb926dd2897780b116e9b0df15378d8c0') LIMIT 1[0m
Rendering users/new
Rendered users/_form (8.6ms)
Completed in 24ms (View: 10, DB: 0) | 200 OK [http://localhost/users]


Processing UsersController#new (for 127.0.0.1 at 2011-02-27 17:39:17) [GET]
Rendering users/new
Rendered users/_form (7.5ms)
Completed in 17ms (View: 9, DB: 0) | 200 OK [http://localhost/users/new]


Processing UsersController#create (for 127.0.0.1 at 2011-02-27 17:39:36) [POST]
  Parameters: {"commit"=>"Save changes", "authenticity_token"=>"XuW33yjSdE2OdwlE5zV5UatFne4pdc10ELCM9ILly6A=", "user"=>{"password_confirmation"=>"rosetta", "role_id"=>"1", "username"=>"cmckenna", "last_name"=>"McKenna", "password"=>"rosetta", "email"=>"cmckenna@mines.edu", "first_name"=>"Chad"}}
WARNING: Can't mass-assign these protected attributes: password_confirmation
  [4;36;1mUser Load (0.2ms)[0m   [0;1mSELECT "users".id FROM "users" WHERE (LOWER("users"."email") = 'cmckenna@mines.edu') LIMIT 1[0m
  [4;35;1mUser Load (0.1ms)[0m   [0mSELECT "users".id FROM "users" WHERE (LOWER("users"."username") = 'cmckenna') LIMIT 1[0m
  [4;36;1mUser Load (0.1ms)[0m   [0;1mSELECT "users".id FROM "users" WHERE ("users"."persistence_token" = '4f8017a0ee74ba63bdf8030647e42da78723d2907488f69b9f4fc128689b81f68e78e2116fa0ef50b72f63c9269ce5df496370ad258bbbbd4ce0ce75f1408671') LIMIT 1[0m
Rendering users/new
Rendered users/_form (8.1ms)
Completed in 103ms (View: 89, DB: 0) | 200 OK [http://localhost/users]


Processing UsersController#create (for 127.0.0.1 at 2011-02-27 17:39:44) [POST]
  Parameters: {"commit"=>"Save changes", "authenticity_token"=>"XuW33yjSdE2OdwlE5zV5UatFne4pdc10ELCM9ILly6A=", "user"=>{"password_confirmation"=>"", "role_id"=>"1", "username"=>"cmckenna", "last_name"=>"McKenna", "password"=>"rosetta", "email"=>"cmckenna@mines.edu", "first_name"=>"Chad"}}
WARNING: Can't mass-assign these protected attributes: password_confirmation
  [4;35;1mUser Load (0.2ms)[0m   [0mSELECT "users".id FROM "users" WHERE (LOWER("users"."email") = 'cmckenna@mines.edu') LIMIT 1[0m
  [4;36;1mUser Load (0.1ms)[0m   [0;1mSELECT "users".id FROM "users" WHERE (LOWER("users"."username") = 'cmckenna') LIMIT 1[0m
  [4;35;1mUser Load (0.1ms)[0m   [0mSELECT "users".id FROM "users" WHERE ("users"."persistence_token" = '0d3bf507e8ca9d4fe8010dd236f9de7f18a655f1db6657391aeb9d70e8a8de8a84b4698d914a5667c07d919fe52b3174408afb67f54506bc7cccf1dd348b3105') LIMIT 1[0m
Rendering users/new
Rendered users/_form (8.0ms)
Completed in 24ms (View: 9, DB: 0) | 200 OK [http://localhost/users]


Processing UsersController#create (for 127.0.0.1 at 2011-02-27 17:43:48) [POST]
  Parameters: {"commit"=>"Save changes", "authenticity_token"=>"XuW33yjSdE2OdwlE5zV5UatFne4pdc10ELCM9ILly6A=", "user"=>{"password_confirmation"=>"rosetta", "role_id"=>"1", "username"=>"cmckenna", "last_name"=>"McKenna", "password"=>"rosetta", "email"=>"cmckenna@mines.edu", "first_name"=>"Chad"}}
  [4;36;1mUser Load (0.2ms)[0m   [0;1mSELECT "users".id FROM "users" WHERE (LOWER("users"."email") = 'cmckenna@mines.edu') LIMIT 1[0m
  [4;35;1mUser Load (0.1ms)[0m   [0mSELECT "users".id FROM "users" WHERE (LOWER("users"."username") = 'cmckenna') LIMIT 1[0m
  [4;36;1mUser Load (0.1ms)[0m   [0;1mSELECT "users".id FROM "users" WHERE ("users"."persistence_token" = 'b62cbbaa12d9670542a1ea9b15d7c17ecbf88980d1b3a6a3189c1f3ad495fcc6865ce14ae532e8e81508e84ec91606e1a89f4b4c86c91c3658026f6e9592e25e') LIMIT 1[0m
  [4;35;1mUser Create (0.4ms)[0m   [0mINSERT INTO "users" ("created_at", "crypted_password", "updated_at", "username", "role_id", "password_salt", "persistence_token", "last_name", "last_login_at", "first_name", "email") VALUES('2011-02-28 00:43:48', 'a0947fea72b208c49e8b8cc713bfb8da22bcbaf072fcad048dbd60a89a2f5532f1b763509df111cf9f5aeed3bfc637c6ff2d41c0b790dacb505bc4ff13a755e5', '2011-02-28 00:43:48', 'cmckenna', 1, '8kVa1rwW9MmBCFD3RTNd', 'b62cbbaa12d9670542a1ea9b15d7c17ecbf88980d1b3a6a3189c1f3ad495fcc6865ce14ae532e8e81508e84ec91606e1a89f4b4c86c91c3658026f6e9592e25e', 'McKenna', NULL, 'Chad', 'cmckenna@mines.edu')[0m
Redirected to http://localhost:3000/
Completed in 18ms (DB: 1) | 302 Found [http://localhost/users]


Processing UsersController#show (for 127.0.0.1 at 2011-02-27 17:44:14) [GET]
  Parameters: {"id"=>"edit"}

ActionController::UnknownAction (No action responded to show. Actions: create, edit, new, and update):
  haml (3.0.25) rails/./lib/sass/plugin/rack.rb:41:in `call'
  /System/Library/Frameworks/Ruby.framework/Versions/1.8/usr/lib/ruby/1.8/webrick/httpserver.rb:104:in `service'
  /System/Library/Frameworks/Ruby.framework/Versions/1.8/usr/lib/ruby/1.8/webrick/httpserver.rb:65:in `run'
  /System/Library/Frameworks/Ruby.framework/Versions/1.8/usr/lib/ruby/1.8/webrick/server.rb:173:in `start_thread'
  /System/Library/Frameworks/Ruby.framework/Versions/1.8/usr/lib/ruby/1.8/webrick/server.rb:162:in `start'
  /System/Library/Frameworks/Ruby.framework/Versions/1.8/usr/lib/ruby/1.8/webrick/server.rb:162:in `start_thread'
  /System/Library/Frameworks/Ruby.framework/Versions/1.8/usr/lib/ruby/1.8/webrick/server.rb:95:in `start'
  /System/Library/Frameworks/Ruby.framework/Versions/1.8/usr/lib/ruby/1.8/webrick/server.rb:92:in `each'
  /System/Library/Frameworks/Ruby.framework/Versions/1.8/usr/lib/ruby/1.8/webrick/server.rb:92:in `start'
  /System/Library/Frameworks/Ruby.framework/Versions/1.8/usr/lib/ruby/1.8/webrick/server.rb:23:in `start'
  /System/Library/Frameworks/Ruby.framework/Versions/1.8/usr/lib/ruby/1.8/webrick/server.rb:82:in `start'

Rendering rescues/layout (not_found)


Processing UsersController#new (for 127.0.0.1 at 2011-02-27 17:44:22) [GET]
Rendering users/new
Rendered users/_form (13.3ms)
Completed in 105ms (View: 97, DB: 0) | 200 OK [http://localhost/users/new]


Processing GamesController#index (for 127.0.0.1 at 2011-02-27 17:54:03) [GET]
  [4;36;1mGame Load (0.4ms)[0m   [0;1mSELECT * FROM "games" [0m
Rendering games/index
Completed in 17ms (View: 13, DB: 0) | 200 OK [http://localhost/games]


Processing Rails::InfoController#properties (for 127.0.0.1 at 2011-02-27 17:58:21) [GET]
  [4;36;1mSQL (0.7ms)[0m   [0;1m SELECT name
 FROM sqlite_master
 WHERE type = 'table' AND NOT name = 'sqlite_sequence'
[0m
  [4;35;1mSQL (0.2ms)[0m   [0mSELECT version FROM schema_migrations[0m
Completed in 90ms (View: 14, DB: 1) | 200 OK [http://localhost/rails/info/properties]


Processing GamesController#index (for 127.0.0.1 at 2011-02-27 19:29:14) [GET]
  [4;36;1mGame Load (0.4ms)[0m   [0;1mSELECT * FROM "games" [0m
Rendering games/index
Completed in 18ms (View: 14, DB: 0) | 200 OK [http://localhost/games]


Processing UserSessionsController#new (for 127.0.0.1 at 2011-02-27 19:32:48) [GET]
Rendering user_sessions/new
Completed in 21ms (View: 10, DB: 0) | 200 OK [http://localhost/login]


Processing UserSessionsController#new (for 127.0.0.1 at 2011-02-27 19:33:05) [GET]
Rendering user_sessions/new
Completed in 14ms (View: 4, DB: 0) | 200 OK [http://localhost/login]


Processing UserSessionsController#create (for 127.0.0.1 at 2011-02-27 19:33:10) [POST]
  Parameters: {"commit"=>"Save changes", "user_session"=>{"username"=>"cmckenna", "password"=>"rosetta"}, "authenticity_token"=>"XuW33yjSdE2OdwlE5zV5UatFne4pdc10ELCM9ILly6A="}
  [4;35;1mUser Load (0.3ms)[0m   [0mSELECT * FROM "users" WHERE (LOWER("users".username) = 'cmckenna') LIMIT 1[0m
Redirected to http://localhost:3000/
Completed in 338ms (DB: 0) | 302 Found [http://localhost/user_sessions]


Processing UserSessionsController#destroy (for 127.0.0.1 at 2011-02-27 19:33:23) [GET]
  [4;36;1mUser Load (0.3ms)[0m   [0;1mSELECT * FROM "users" WHERE ("users"."id" = '1') LIMIT 1[0m
Redirected to http://localhost:3000/
Completed in 22ms (DB: 0) | 302 Found [http://localhost/logout]


Processing UserSessionsController#new (for 127.0.0.1 at 2011-02-27 19:34:07) [GET]
Rendering user_sessions/new
Completed in 13ms (View: 3, DB: 0) | 200 OK [http://localhost/login]


Processing UserSessionsController#create (for 127.0.0.1 at 2011-02-27 19:34:13) [POST]
  Parameters: {"commit"=>"Save changes", "user_session"=>{"username"=>"cmckenna", "password"=>"nigger"}, "authenticity_token"=>"XuW33yjSdE2OdwlE5zV5UatFne4pdc10ELCM9ILly6A="}
  [4;35;1mUser Load (0.3ms)[0m   [0mSELECT * FROM "users" WHERE (LOWER("users".username) = 'cmckenna') LIMIT 1[0m
Rendering user_sessions/new
Completed in 18ms (View: 4, DB: 0) | 200 OK [http://localhost/user_sessions]


Processing UserSessionsController#create (for 127.0.0.1 at 2011-02-27 19:34:18) [POST]
  Parameters: {"commit"=>"Save changes", "user_session"=>{"username"=>"cmckenna", "password"=>"rosetta"}, "authenticity_token"=>"XuW33yjSdE2OdwlE5zV5UatFne4pdc10ELCM9ILly6A="}
  [4;36;1mUser Load (0.3ms)[0m   [0;1mSELECT * FROM "users" WHERE (LOWER("users".username) = 'cmckenna') LIMIT 1[0m
Redirected to http://localhost:3000/
Completed in 92ms (DB: 0) | 302 Found [http://localhost/user_sessions]


Processing GamesController#index (for 127.0.0.1 at 2011-02-27 19:35:01) [GET]
  [4;35;1mGame Load (0.4ms)[0m   [0mSELECT * FROM "games" [0m
Rendering games/index
Completed in 8ms (View: 3, DB: 0) | 200 OK [http://localhost/]


Processing UserSessionsController#new (for 127.0.0.1 at 2011-02-27 19:35:07) [GET]
Rendering user_sessions/new
Completed in 14ms (View: 4, DB: 0) | 200 OK [http://localhost/login]


Processing UserSessionsController#create (for 127.0.0.1 at 2011-02-27 19:35:12) [POST]
  Parameters: {"commit"=>"Save changes", "user_session"=>{"username"=>"cmckenna", "password"=>"rosetta"}, "authenticity_token"=>"XuW33yjSdE2OdwlE5zV5UatFne4pdc10ELCM9ILly6A="}
  [4;36;1mUser Load (0.3ms)[0m   [0;1mSELECT * FROM "users" WHERE (LOWER("users".username) = 'cmckenna') LIMIT 1[0m
Redirected to http://localhost:3000/
Completed in 14ms (DB: 0) | 302 Found [http://localhost/user_sessions]


Processing GamesController#index (for 127.0.0.1 at 2011-02-27 19:35:12) [GET]
  [4;35;1mGame Load (0.4ms)[0m   [0mSELECT * FROM "games" [0m
Rendering games/index
Completed in 8ms (View: 3, DB: 0) | 200 OK [http://localhost/]


Processing GamesController#index (for 127.0.0.1 at 2011-02-27 19:38:02) [GET]
  [4;36;1mGame Load (0.4ms)[0m   [0;1mSELECT * FROM "games" [0m
Rendering template within layouts/application
Rendering games/index
Completed in 14ms (View: 10, DB: 0) | 200 OK [http://localhost/]


Processing GamesController#index (for 127.0.0.1 at 2011-02-27 19:38:17) [GET]
  [4;35;1mGame Load (0.4ms)[0m   [0mSELECT * FROM "games" [0m
Rendering template within layouts/application
Rendering games/index
Completed in 12ms (View: 8, DB: 0) | 200 OK [http://localhost/]


Processing GamesController#index (for 127.0.0.1 at 2011-02-27 19:40:04) [GET]
  [4;36;1mGame Load (0.4ms)[0m   [0;1mSELECT * FROM "games" [0m
Rendering template within layouts/application
Rendering games/index
Completed in 12ms (View: 8, DB: 0) | 200 OK [http://localhost/]


Processing GamesController#index (for 127.0.0.1 at 2011-02-27 19:49:13) [GET]
  [4;35;1mGame Load (0.4ms)[0m   [0mSELECT * FROM "games" [0m
Rendering template within layouts/application
Rendering games/index
Completed in 13ms (View: 8, DB: 0) | 200 OK [http://localhost/]


Processing GamesController#index (for 127.0.0.1 at 2011-02-27 19:49:49) [GET]
  [4;36;1mGame Load (0.4ms)[0m   [0;1mSELECT * FROM "games" [0m
Rendering template within layouts/application
Rendering games/index
Completed in 8ms (View: 4, DB: 0) | 200 OK [http://localhost/]


Processing GamesController#index (for 127.0.0.1 at 2011-02-27 19:50:47) [GET]
  [4;35;1mGame Load (0.4ms)[0m   [0mSELECT * FROM "games" [0m
Rendering template within layouts/application
Rendering games/index
Completed in 90ms (View: 4, DB: 0) | 200 OK [http://localhost/]


Processing GamesController#index (for 127.0.0.1 at 2011-02-27 19:51:02) [GET]
  [4;36;1mGame Load (0.4ms)[0m   [0;1mSELECT * FROM "games" [0m
Rendering template within layouts/application
Rendering games/index
Completed in 8ms (View: 4, DB: 0) | 200 OK [http://localhost/]


Processing GamesController#index (for 127.0.0.1 at 2011-02-27 19:51:10) [GET]
  [4;35;1mGame Load (0.4ms)[0m   [0mSELECT * FROM "games" [0m
Rendering template within layouts/application
Rendering games/index
Completed in 8ms (View: 4, DB: 0) | 200 OK [http://localhost/]


Processing GamesController#index (for 127.0.0.1 at 2011-02-27 19:51:28) [GET]
  [4;36;1mGame Load (0.4ms)[0m   [0;1mSELECT * FROM "games" [0m
Rendering template within layouts/application
Rendering games/index
Completed in 8ms (View: 4, DB: 0) | 200 OK [http://localhost/]


Processing GamesController#index (for 127.0.0.1 at 2011-02-27 19:51:45) [GET]
  [4;35;1mGame Load (0.4ms)[0m   [0mSELECT * FROM "games" [0m
Rendering template within layouts/application
Rendering games/index
Completed in 8ms (View: 4, DB: 0) | 200 OK [http://localhost/]


Processing GamesController#index (for 127.0.0.1 at 2011-02-27 19:51:59) [GET]
  [4;36;1mGame Load (0.4ms)[0m   [0;1mSELECT * FROM "games" [0m
Rendering template within layouts/application
Rendering games/index
Completed in 8ms (View: 4, DB: 0) | 200 OK [http://localhost/]


Processing GamesController#index (for 127.0.0.1 at 2011-02-27 19:53:09) [GET]
  [4;35;1mGame Load (0.4ms)[0m   [0mSELECT * FROM "games" [0m
Rendering template within layouts/application
Rendering games/index
Completed in 93ms (View: 89, DB: 0) | 200 OK [http://localhost/]


Processing GamesController#index (for 127.0.0.1 at 2011-02-27 19:53:35) [GET]
  [4;36;1mGame Load (0.5ms)[0m   [0;1mSELECT * FROM "games" [0m
Rendering template within layouts/application
Rendering games/index
Completed in 8ms (View: 4, DB: 0) | 200 OK [http://localhost/]


Processing GamesController#index (for 127.0.0.1 at 2011-02-27 19:54:37) [GET]
  [4;35;1mGame Load (0.4ms)[0m   [0mSELECT * FROM "games" [0m
Rendering template within layouts/application
Rendering games/index
Completed in 8ms (View: 4, DB: 0) | 200 OK [http://localhost/]


Processing GamesController#index (for 127.0.0.1 at 2011-02-27 19:54:38) [GET]
  [4;36;1mGame Load (0.4ms)[0m   [0;1mSELECT * FROM "games" [0m
Rendering template within layouts/application
Rendering games/index
Completed in 8ms (View: 4, DB: 0) | 200 OK [http://localhost/]


Processing GamesController#index (for 127.0.0.1 at 2011-02-27 19:54:52) [GET]
  [4;35;1mGame Load (0.4ms)[0m   [0mSELECT * FROM "games" [0m
Rendering template within layouts/application
Rendering games/index
Completed in 14ms (View: 10, DB: 0) | 200 OK [http://localhost/]


Processing GamesController#index (for 127.0.0.1 at 2011-02-27 19:56:24) [GET]
  [4;36;1mGame Load (0.4ms)[0m   [0;1mSELECT * FROM "games" [0m
Rendering template within layouts/application
Rendering games/index
Completed in 16ms (View: 11, DB: 0) | 200 OK [http://localhost/]


Processing GamesController#index (for 127.0.0.1 at 2011-02-27 19:56:33) [GET]
  [4;35;1mGame Load (0.4ms)[0m   [0mSELECT * FROM "games" [0m
Rendering template within layouts/application
Rendering games/index
Completed in 8ms (View: 4, DB: 0) | 200 OK [http://localhost/]


Processing GamesController#index (for 127.0.0.1 at 2011-02-27 19:56:35) [GET]
  [4;36;1mGame Load (0.5ms)[0m   [0;1mSELECT * FROM "games" [0m
Rendering template within layouts/application
Rendering games/index
Completed in 9ms (View: 4, DB: 0) | 200 OK [http://localhost/]


Processing GamesController#index (for 127.0.0.1 at 2011-02-27 19:56:35) [GET]
  [4;35;1mGame Load (0.4ms)[0m   [0mSELECT * FROM "games" [0m
Rendering template within layouts/application
Rendering games/index
Completed in 8ms (View: 4, DB: 0) | 200 OK [http://localhost/]


Processing GamesController#index (for 127.0.0.1 at 2011-02-27 19:56:46) [GET]
  [4;36;1mGame Load (0.4ms)[0m   [0;1mSELECT * FROM "games" [0m
Rendering template within layouts/application
Rendering games/index
Completed in 8ms (View: 4, DB: 0) | 200 OK [http://localhost/]


Processing GamesController#index (for 127.0.0.1 at 2011-02-27 19:56:53) [GET]
  [4;35;1mGame Load (0.4ms)[0m   [0mSELECT * FROM "games" [0m
Rendering template within layouts/application
Rendering games/index
Completed in 8ms (View: 4, DB: 0) | 200 OK [http://localhost/]


Processing GamesController#index (for 127.0.0.1 at 2011-02-27 19:56:56) [GET]
  [4;36;1mGame Load (0.4ms)[0m   [0;1mSELECT * FROM "games" [0m
Rendering template within layouts/application
Rendering games/index
Completed in 9ms (View: 4, DB: 0) | 200 OK [http://localhost/]


Processing GamesController#index (for 127.0.0.1 at 2011-02-27 19:57:21) [GET]
  [4;35;1mGame Load (0.4ms)[0m   [0mSELECT * FROM "games" [0m
Rendering template within layouts/application
Rendering games/index
Completed in 90ms (View: 4, DB: 0) | 200 OK [http://localhost/]


Processing GamesController#index (for 127.0.0.1 at 2011-02-27 19:57:32) [GET]
  [4;36;1mGame Load (0.4ms)[0m   [0;1mSELECT * FROM "games" [0m
Rendering template within layouts/application
Rendering games/index
Completed in 8ms (View: 4, DB: 0) | 200 OK [http://localhost/]


Processing GamesController#index (for 127.0.0.1 at 2011-02-27 19:58:46) [GET]
  [4;35;1mGame Load (0.4ms)[0m   [0mSELECT * FROM "games" [0m
Rendering template within layouts/application
Rendering games/index
Completed in 8ms (View: 4, DB: 0) | 200 OK [http://localhost/]


Processing GamesController#index (for 127.0.0.1 at 2011-02-27 19:58:57) [GET]
  [4;36;1mGame Load (0.4ms)[0m   [0;1mSELECT * FROM "games" [0m
Rendering template within layouts/application
Rendering games/index
Completed in 8ms (View: 4, DB: 0) | 200 OK [http://localhost/]


Processing GamesController#index (for 127.0.0.1 at 2011-02-27 19:59:13) [GET]
  [4;35;1mGame Load (0.4ms)[0m   [0mSELECT * FROM "games" [0m
Rendering template within layouts/application
Rendering games/index
Completed in 8ms (View: 4, DB: 0) | 200 OK [http://localhost/]


Processing GamesController#index (for 127.0.0.1 at 2011-02-27 20:00:07) [GET]
  [4;36;1mGame Load (0.4ms)[0m   [0;1mSELECT * FROM "games" [0m
Rendering template within layouts/application
Rendering games/index
Completed in 8ms (View: 4, DB: 0) | 200 OK [http://localhost/]


Processing GamesController#index (for 127.0.0.1 at 2011-02-27 20:00:15) [GET]
  [4;35;1mGame Load (0.4ms)[0m   [0mSELECT * FROM "games" [0m
Rendering template within layouts/application
Rendering games/index
Completed in 8ms (View: 4, DB: 0) | 200 OK [http://localhost/]


Processing GamesController#index (for 127.0.0.1 at 2011-02-27 20:00:59) [GET]
  [4;36;1mGame Load (0.4ms)[0m   [0;1mSELECT * FROM "games" [0m
Rendering template within layouts/application
Rendering games/index
Completed in 8ms (View: 4, DB: 0) | 200 OK [http://localhost/]


Processing GamesController#index (for 127.0.0.1 at 2011-02-27 20:01:55) [GET]
  [4;35;1mGame Load (0.4ms)[0m   [0mSELECT * FROM "games" [0m
Rendering template within layouts/application
Rendering games/index
Completed in 9ms (View: 4, DB: 0) | 200 OK [http://localhost/]


Processing GamesController#index (for 127.0.0.1 at 2011-02-27 20:04:19) [GET]
  [4;36;1mGame Load (0.5ms)[0m   [0;1mSELECT * FROM "games" [0m
Rendering template within layouts/application
Rendering games/index
Completed in 15ms (View: 11, DB: 1) | 200 OK [http://localhost/]


Processing GamesController#index (for 127.0.0.1 at 2011-02-27 20:04:31) [GET]
  [4;35;1mGame Load (0.4ms)[0m   [0mSELECT * FROM "games" [0m
Rendering template within layouts/application
Rendering games/index
Completed in 8ms (View: 4, DB: 0) | 200 OK [http://localhost/]


Processing GamesController#index (for 127.0.0.1 at 2011-02-27 20:04:53) [GET]
  [4;36;1mGame Load (0.4ms)[0m   [0;1mSELECT * FROM "games" [0m
Rendering template within layouts/application
Rendering games/index
Completed in 8ms (View: 4, DB: 0) | 200 OK [http://localhost/]


Processing GamesController#index (for 127.0.0.1 at 2011-02-27 20:05:16) [GET]
  [4;35;1mGame Load (0.4ms)[0m   [0mSELECT * FROM "games" [0m
Rendering template within layouts/application
Rendering games/index
Completed in 89ms (View: 85, DB: 0) | 200 OK [http://localhost/]


Processing GamesController#index (for 127.0.0.1 at 2011-02-27 20:06:02) [GET]
  [4;36;1mGame Load (0.4ms)[0m   [0;1mSELECT * FROM "games" [0m
Rendering template within layouts/application
Rendering games/index
Completed in 9ms (View: 4, DB: 0) | 200 OK [http://localhost/]


Processing GamesController#index (for 127.0.0.1 at 2011-02-27 20:06:31) [GET]
  [4;35;1mGame Load (0.4ms)[0m   [0mSELECT * FROM "games" [0m
Rendering template within layouts/application
Rendering games/index
Completed in 9ms (View: 4, DB: 0) | 200 OK [http://localhost/]


Processing GamesController#index (for 127.0.0.1 at 2011-02-27 20:09:16) [GET]
  [4;36;1mGame Load (0.4ms)[0m   [0;1mSELECT * FROM "games" [0m
Rendering template within layouts/application
Rendering games/index
Completed in 15ms (View: 11, DB: 0) | 200 OK [http://localhost/]


Processing GamesController#index (for 127.0.0.1 at 2011-02-27 20:09:17) [GET]
  [4;35;1mGame Load (0.4ms)[0m   [0mSELECT * FROM "games" [0m
Rendering template within layouts/application
Rendering games/index
Completed in 8ms (View: 4, DB: 0) | 200 OK [http://localhost/]


Processing GamesController#index (for 127.0.0.1 at 2011-02-27 20:09:46) [GET]
  [4;36;1mGame Load (0.5ms)[0m   [0;1mSELECT * FROM "games" [0m
Rendering template within layouts/application
Rendering games/index
Completed in 15ms (View: 10, DB: 0) | 200 OK [http://localhost/]


Processing GamesController#index (for 127.0.0.1 at 2011-02-27 20:09:47) [GET]
  [4;35;1mGame Load (0.4ms)[0m   [0mSELECT * FROM "games" [0m
Rendering template within layouts/application
Rendering games/index
Completed in 9ms (View: 4, DB: 0) | 200 OK [http://localhost/]


Processing GamesController#index (for 127.0.0.1 at 2011-02-27 20:11:40) [GET]
  [4;36;1mGame Load (0.4ms)[0m   [0;1mSELECT * FROM "games" [0m
Rendering template within layouts/application
Rendering games/index
Completed in 20ms (View: 16, DB: 0) | 200 OK [http://localhost/]


Processing GamesController#index (for 127.0.0.1 at 2011-02-27 20:11:54) [GET]
  [4;35;1mGame Load (0.4ms)[0m   [0mSELECT * FROM "games" [0m
Rendering template within layouts/application
Rendering games/index
Completed in 14ms (View: 9, DB: 0) | 200 OK [http://localhost/]


Processing GamesController#index (for 127.0.0.1 at 2011-02-27 20:12:41) [GET]
  [4;36;1mGame Load (0.4ms)[0m   [0;1mSELECT * FROM "games" [0m
Rendering template within layouts/application
Rendering games/index
Completed in 13ms (View: 9, DB: 0) | 200 OK [http://localhost/]


Processing GamesController#index (for 127.0.0.1 at 2011-02-27 20:12:51) [GET]
  [4;35;1mGame Load (0.5ms)[0m   [0mSELECT * FROM "games" [0m
Rendering template within layouts/application
Rendering games/index

ActionView::TemplateError (Illegal nesting: content can't be both given on the same line as %title and nested within it.) on line #4 of app/views/layouts/application.html.haml:
1: %html{:xmlns => "http://www.w3.org/1999/xhtml", "xml:lang" => "en", :lang => "en"}
2: %head
3:   %title Gamez: 
4:     = controller.action_name
5:   = stylesheet_link_tag 'screen.css'
6: 
7: %div.heading 

    app/views/layouts/application.html.haml:4
    haml (3.0.25) lib/haml/precompiler.rb:781:in `render_tag'
    haml (3.0.25) lib/haml/precompiler.rb:214:in `process_line'
    haml (3.0.25) lib/haml/precompiler.rb:178:in `precompile'
    haml (3.0.25) lib/haml/engine.rb:121:in `initialize'
    haml (3.0.25) rails/./lib/haml/template/plugin.rb:34:in `new'
    haml (3.0.25) rails/./lib/haml/template/plugin.rb:34:in `compile'
    haml (3.0.25) rails/./lib/haml/template/plugin.rb:39:in `call'
    haml (3.0.25) rails/./lib/haml/helpers/action_view_mods.rb:13:in `render'
    haml (3.0.25) rails/./lib/haml/helpers/action_view_mods.rb:13:in `render'
    haml (3.0.25) rails/./lib/sass/plugin/rack.rb:41:in `call'
    /System/Library/Frameworks/Ruby.framework/Versions/1.8/usr/lib/ruby/1.8/webrick/httpserver.rb:104:in `service'
    /System/Library/Frameworks/Ruby.framework/Versions/1.8/usr/lib/ruby/1.8/webrick/httpserver.rb:65:in `run'
    /System/Library/Frameworks/Ruby.framework/Versions/1.8/usr/lib/ruby/1.8/webrick/server.rb:173:in `start_thread'
    /System/Library/Frameworks/Ruby.framework/Versions/1.8/usr/lib/ruby/1.8/webrick/server.rb:162:in `start'
    /System/Library/Frameworks/Ruby.framework/Versions/1.8/usr/lib/ruby/1.8/webrick/server.rb:162:in `start_thread'
    /System/Library/Frameworks/Ruby.framework/Versions/1.8/usr/lib/ruby/1.8/webrick/server.rb:95:in `start'
    /System/Library/Frameworks/Ruby.framework/Versions/1.8/usr/lib/ruby/1.8/webrick/server.rb:92:in `each'
    /System/Library/Frameworks/Ruby.framework/Versions/1.8/usr/lib/ruby/1.8/webrick/server.rb:92:in `start'
    /System/Library/Frameworks/Ruby.framework/Versions/1.8/usr/lib/ruby/1.8/webrick/server.rb:23:in `start'
    /System/Library/Frameworks/Ruby.framework/Versions/1.8/usr/lib/ruby/1.8/webrick/server.rb:82:in `start'

Rendered rescues/_trace (43.6ms)
Rendered rescues/_request_and_response (1.2ms)
Rendering rescues/layout (internal_server_error)


Processing GamesController#index (for 127.0.0.1 at 2011-02-27 20:13:15) [GET]
  [4;36;1mGame Load (0.4ms)[0m   [0;1mSELECT * FROM "games" [0m
Rendering template within layouts/application
Rendering games/index
Completed in 13ms (View: 9, DB: 0) | 200 OK [http://localhost/]


Processing GamesController#index (for 127.0.0.1 at 2011-02-27 20:13:39) [GET]
  [4;35;1mGame Load (0.4ms)[0m   [0mSELECT * FROM "games" [0m
Rendering template within layouts/application
Rendering games/index
Completed in 14ms (View: 9, DB: 0) | 200 OK [http://localhost/]


Processing GamesController#index (for 127.0.0.1 at 2011-02-27 20:13:51) [GET]
  [4;36;1mGame Load (0.4ms)[0m   [0;1mSELECT * FROM "games" [0m
Rendering template within layouts/application
Rendering games/index
Completed in 101ms (View: 10, DB: 0) | 200 OK [http://localhost/]


Processing GamesController#index (for 127.0.0.1 at 2011-02-27 20:15:14) [GET]
  [4;35;1mGame Load (0.4ms)[0m   [0mSELECT * FROM "games" [0m
Rendering template within layouts/application
Rendering games/index
Completed in 16ms (View: 11, DB: 0) | 200 OK [http://localhost/]


Processing GamesController#index (for 127.0.0.1 at 2011-02-27 20:15:15) [GET]
  [4;36;1mGame Load (0.4ms)[0m   [0;1mSELECT * FROM "games" [0m
Rendering template within layouts/application
Rendering games/index
Completed in 8ms (View: 4, DB: 0) | 200 OK [http://localhost/]


Processing GamesController#index (for 127.0.0.1 at 2011-02-27 20:15:16) [GET]
  [4;35;1mGame Load (0.5ms)[0m   [0mSELECT * FROM "games" [0m
Rendering template within layouts/application
Rendering games/index
Completed in 8ms (View: 4, DB: 0) | 200 OK [http://localhost/]


Processing GamesController#index (for 127.0.0.1 at 2011-02-27 20:15:16) [GET]
  [4;36;1mGame Load (0.4ms)[0m   [0;1mSELECT * FROM "games" [0m
Rendering template within layouts/application
Rendering games/index
Completed in 8ms (View: 4, DB: 0) | 200 OK [http://localhost/]


Processing GamesController#index (for 127.0.0.1 at 2011-02-27 20:15:28) [GET]
  [4;35;1mGame Load (0.4ms)[0m   [0mSELECT * FROM "games" [0m
Rendering template within layouts/application
Rendering games/index
Completed in 8ms (View: 4, DB: 0) | 200 OK [http://localhost/]


Processing GamesController#index (for 127.0.0.1 at 2011-02-27 20:15:29) [GET]
  [4;36;1mGame Load (0.4ms)[0m   [0;1mSELECT * FROM "games" [0m
Rendering template within layouts/application
Rendering games/index
Completed in 8ms (View: 4, DB: 0) | 200 OK [http://localhost/]


Processing GamesController#index (for 127.0.0.1 at 2011-02-27 20:15:53) [GET]
  [4;35;1mGame Load (0.4ms)[0m   [0mSELECT * FROM "games" [0m
Rendering template within layouts/application
Rendering games/index
Completed in 9ms (View: 4, DB: 0) | 200 OK [http://localhost/]


Processing GamesController#index (for 127.0.0.1 at 2011-02-27 20:16:23) [GET]
  [4;36;1mGame Load (0.4ms)[0m   [0;1mSELECT * FROM "games" [0m
Rendering template within layouts/application
Rendering games/index
Completed in 9ms (View: 4, DB: 0) | 200 OK [http://localhost/]


Processing GamesController#index (for 127.0.0.1 at 2011-02-27 20:16:37) [GET]
  [4;35;1mGame Load (0.4ms)[0m   [0mSELECT * FROM "games" [0m
Rendering template within layouts/application
Rendering games/index
Completed in 8ms (View: 4, DB: 0) | 200 OK [http://localhost/]


Processing GamesController#index (for 127.0.0.1 at 2011-02-27 20:16:47) [GET]
  [4;36;1mGame Load (0.4ms)[0m   [0;1mSELECT * FROM "games" [0m
Rendering template within layouts/application
Rendering games/index
Completed in 8ms (View: 4, DB: 0) | 200 OK [http://localhost/]


Processing GamesController#index (for 127.0.0.1 at 2011-02-27 20:18:55) [GET]
  [4;35;1mGame Load (0.4ms)[0m   [0mSELECT * FROM "games" [0m
Rendering template within layouts/application
Rendering games/index
Completed in 8ms (View: 4, DB: 0) | 200 OK [http://localhost/]


Processing GamesController#index (for 127.0.0.1 at 2011-02-27 20:18:56) [GET]
  [4;36;1mGame Load (0.4ms)[0m   [0;1mSELECT * FROM "games" [0m
Rendering template within layouts/application
Rendering games/index
Completed in 9ms (View: 4, DB: 0) | 200 OK [http://localhost/]


Processing GamesController#index (for 127.0.0.1 at 2011-02-27 20:19:04) [GET]
  [4;35;1mGame Load (0.4ms)[0m   [0mSELECT * FROM "games" [0m
Rendering template within layouts/application
Rendering games/index
Completed in 8ms (View: 4, DB: 0) | 200 OK [http://localhost/]


Processing GamesController#index (for 127.0.0.1 at 2011-02-27 20:19:05) [GET]
  [4;36;1mGame Load (0.4ms)[0m   [0;1mSELECT * FROM "games" [0m
Rendering template within layouts/application
Rendering games/index
Completed in 9ms (View: 4, DB: 0) | 200 OK [http://localhost/]


Processing GamesController#index (for 127.0.0.1 at 2011-02-27 20:19:20) [GET]
  [4;35;1mGame Load (0.4ms)[0m   [0mSELECT * FROM "games" [0m
Rendering template within layouts/application
Rendering games/index
Completed in 8ms (View: 4, DB: 0) | 200 OK [http://localhost/]


Processing GamesController#index (for 127.0.0.1 at 2011-02-27 20:19:20) [GET]
  [4;36;1mGame Load (0.4ms)[0m   [0;1mSELECT * FROM "games" [0m
Rendering template within layouts/application
Rendering games/index
Completed in 8ms (View: 4, DB: 0) | 200 OK [http://localhost/]


Processing GamesController#index (for 127.0.0.1 at 2011-02-27 20:19:41) [GET]
  [4;35;1mGame Load (0.4ms)[0m   [0mSELECT * FROM "games" [0m
Rendering template within layouts/application
Rendering games/index
Completed in 8ms (View: 4, DB: 0) | 200 OK [http://localhost/]


Processing GamesController#index (for 127.0.0.1 at 2011-02-27 20:19:51) [GET]
  [4;36;1mGame Load (0.4ms)[0m   [0;1mSELECT * FROM "games" [0m
Rendering template within layouts/application
Rendering games/index
Completed in 90ms (View: 86, DB: 0) | 200 OK [http://localhost/]


Processing GamesController#index (for 127.0.0.1 at 2011-02-27 20:19:52) [GET]
  [4;35;1mGame Load (0.4ms)[0m   [0mSELECT * FROM "games" [0m
Rendering template within layouts/application
Rendering games/index
Completed in 9ms (View: 4, DB: 0) | 200 OK [http://localhost/]


Processing GamesController#index (for 127.0.0.1 at 2011-02-27 20:20:03) [GET]
  [4;36;1mGame Load (0.4ms)[0m   [0;1mSELECT * FROM "games" [0m
Rendering template within layouts/application
Rendering games/index
Completed in 8ms (View: 4, DB: 0) | 200 OK [http://localhost/]


Processing GamesController#index (for 127.0.0.1 at 2011-02-27 20:20:06) [GET]
  [4;35;1mGame Load (0.4ms)[0m   [0mSELECT * FROM "games" [0m
Rendering template within layouts/application
Rendering games/index
Completed in 9ms (View: 4, DB: 0) | 200 OK [http://localhost/]


Processing GamesController#index (for 127.0.0.1 at 2011-02-27 20:20:19) [GET]
  [4;36;1mGame Load (0.4ms)[0m   [0;1mSELECT * FROM "games" [0m
Rendering template within layouts/application
Rendering games/index
Completed in 8ms (View: 4, DB: 0) | 200 OK [http://localhost/]


Processing GamesController#index (for 127.0.0.1 at 2011-02-27 20:20:35) [GET]
  [4;35;1mGame Load (0.4ms)[0m   [0mSELECT * FROM "games" [0m
Rendering template within layouts/application
Rendering games/index
Completed in 8ms (View: 4, DB: 0) | 200 OK [http://localhost/]


Processing GamesController#index (for 127.0.0.1 at 2011-02-27 20:20:36) [GET]
  [4;36;1mGame Load (0.4ms)[0m   [0;1mSELECT * FROM "games" [0m
Rendering template within layouts/application
Rendering games/index
Completed in 8ms (View: 4, DB: 0) | 200 OK [http://localhost/]


Processing GamesController#index (for 127.0.0.1 at 2011-02-27 20:21:04) [GET]
  [4;35;1mGame Load (0.4ms)[0m   [0mSELECT * FROM "games" [0m
Rendering template within layouts/application
Rendering games/index
Completed in 8ms (View: 4, DB: 0) | 200 OK [http://localhost/]


Processing GamesController#index (for 127.0.0.1 at 2011-02-27 20:21:10) [GET]
  [4;36;1mGame Load (0.4ms)[0m   [0;1mSELECT * FROM "games" [0m
Rendering template within layouts/application
Rendering games/index
Completed in 9ms (View: 4, DB: 0) | 200 OK [http://localhost/]


Processing GamesController#index (for 127.0.0.1 at 2011-02-27 20:21:11) [GET]
  [4;35;1mGame Load (0.4ms)[0m   [0mSELECT * FROM "games" [0m
Rendering template within layouts/application
Rendering games/index
Completed in 9ms (View: 4, DB: 0) | 200 OK [http://localhost/]


Processing UserSessionsController#new (for 127.0.0.1 at 2011-02-27 20:21:30) [GET]
Rendering template within layouts/application
Rendering user_sessions/new
Completed in 14ms (View: 4, DB: 0) | 200 OK [http://localhost/login]


Processing UserSessionsController#create (for 127.0.0.1 at 2011-02-27 20:21:35) [POST]
  Parameters: {"commit"=>"Save changes", "user_session"=>{"username"=>"cmckenna", "password"=>"rosetta"}, "authenticity_token"=>"XuW33yjSdE2OdwlE5zV5UatFne4pdc10ELCM9ILly6A="}
  [4;36;1mUser Load (0.3ms)[0m   [0;1mSELECT * FROM "users" WHERE (LOWER("users".username) = 'cmckenna') LIMIT 1[0m
Redirected to http://localhost:3000/
Completed in 14ms (DB: 0) | 302 Found [http://localhost/user_sessions]


Processing GamesController#index (for 127.0.0.1 at 2011-02-27 20:21:35) [GET]
  [4;35;1mGame Load (0.4ms)[0m   [0mSELECT * FROM "games" [0m
Rendering template within layouts/application
Rendering games/index
Completed in 9ms (View: 4, DB: 0) | 200 OK [http://localhost/]


Processing GamesController#index (for 127.0.0.1 at 2011-02-27 20:25:02) [GET]
  [4;36;1mGame Load (0.4ms)[0m   [0;1mSELECT * FROM "games" [0m
Rendering template within layouts/application
Rendering games/index
Completed in 15ms (View: 10, DB: 0) | 200 OK [http://localhost/]


Processing GamesController#index (for 127.0.0.1 at 2011-02-27 20:25:13) [GET]
  [4;35;1mGame Load (0.4ms)[0m   [0mSELECT * FROM "games" [0m
Rendering template within layouts/application
Rendering games/index
Completed in 8ms (View: 4, DB: 0) | 200 OK [http://localhost/]


Processing GamesController#index (for 127.0.0.1 at 2011-02-27 20:25:14) [GET]
  [4;36;1mGame Load (0.4ms)[0m   [0;1mSELECT * FROM "games" [0m
Rendering template within layouts/application
Rendering games/index
Completed in 8ms (View: 4, DB: 0) | 200 OK [http://localhost/]


Processing GamesController#index (for 127.0.0.1 at 2011-02-27 20:26:04) [GET]
  [4;35;1mGame Load (0.4ms)[0m   [0mSELECT * FROM "games" [0m
Rendering template within layouts/application
Rendering games/index
Completed in 8ms (View: 4, DB: 0) | 200 OK [http://localhost/]


Processing UserSessionsController#destroy (for 127.0.0.1 at 2011-02-27 20:26:09) [GET]
  [4;36;1mUser Load (0.3ms)[0m   [0;1mSELECT * FROM "users" WHERE ("users"."id" = '1') LIMIT 1[0m
Redirected to http://localhost:3000/
Completed in 14ms (DB: 0) | 302 Found [http://localhost/logout]


Processing GamesController#index (for 127.0.0.1 at 2011-02-27 20:26:09) [GET]
  [4;35;1mGame Load (0.4ms)[0m   [0mSELECT * FROM "games" [0m
Rendering template within layouts/application
Rendering games/index
Completed in 8ms (View: 4, DB: 0) | 200 OK [http://localhost/]


Processing GamesController#index (for 127.0.0.1 at 2011-02-27 20:26:27) [GET]
  [4;36;1mGame Load (0.4ms)[0m   [0;1mSELECT * FROM "games" [0m
Rendering template within layouts/application
Rendering games/index
Completed in 8ms (View: 4, DB: 0) | 200 OK [http://localhost/]


Processing UserSessionsController#new (for 127.0.0.1 at 2011-02-27 20:26:33) [GET]
Rendering template within layouts/application
Rendering user_sessions/new
Completed in 14ms (View: 4, DB: 0) | 200 OK [http://localhost/login]


Processing UserSessionsController#new (for 127.0.0.1 at 2011-02-27 20:26:45) [GET]
Rendering template within layouts/application
Rendering user_sessions/new
Completed in 15ms (View: 5, DB: 0) | 200 OK [http://localhost/login]


Processing UserSessionsController#new (for 127.0.0.1 at 2011-02-27 20:26:49) [GET]
Rendering template within layouts/application
Rendering user_sessions/new
Completed in 14ms (View: 4, DB: 0) | 200 OK [http://localhost/login]


Processing UserSessionsController#create (for 127.0.0.1 at 2011-02-27 20:26:56) [POST]
  Parameters: {"commit"=>"Save changes", "user_session"=>{"username"=>"cmckenna", "password"=>"rosetta"}, "authenticity_token"=>"XuW33yjSdE2OdwlE5zV5UatFne4pdc10ELCM9ILly6A="}
  [4;35;1mUser Load (0.3ms)[0m   [0mSELECT * FROM "users" WHERE (LOWER("users".username) = 'cmckenna') LIMIT 1[0m
Redirected to http://localhost:3000/
Completed in 15ms (DB: 0) | 302 Found [http://localhost/user_sessions]


Processing GamesController#index (for 127.0.0.1 at 2011-02-27 20:26:56) [GET]
  [4;36;1mGame Load (0.4ms)[0m   [0;1mSELECT * FROM "games" [0m
Rendering template within layouts/application
Rendering games/index
Completed in 8ms (View: 4, DB: 0) | 200 OK [http://localhost/]


Processing GamesController#index (for 127.0.0.1 at 2011-02-27 20:26:58) [GET]
  [4;35;1mGame Load (0.4ms)[0m   [0mSELECT * FROM "games" [0m
Rendering template within layouts/application
Rendering games/index
Completed in 8ms (View: 4, DB: 0) | 200 OK [http://localhost/]


Processing GamesController#index (for 127.0.0.1 at 2011-02-27 20:27:28) [GET]
  [4;36;1mGame Load (0.4ms)[0m   [0;1mSELECT * FROM "games" [0m
Rendering template within layouts/application
Rendering games/index
Completed in 9ms (View: 4, DB: 0) | 200 OK [http://localhost/]


Processing GamesController#index (for 127.0.0.1 at 2011-02-27 20:27:29) [GET]
  [4;35;1mGame Load (0.4ms)[0m   [0mSELECT * FROM "games" [0m
Rendering template within layouts/application
Rendering games/index
Completed in 9ms (View: 4, DB: 0) | 200 OK [http://localhost/]


Processing UserSessionsController#destroy (for 127.0.0.1 at 2011-02-27 20:27:35) [GET]
  [4;36;1mUser Load (0.4ms)[0m   [0;1mSELECT * FROM "users" WHERE ("users"."id" = '1') LIMIT 1[0m
Redirected to http://localhost:3000/
Completed in 96ms (DB: 0) | 302 Found [http://localhost/logout]


Processing GamesController#index (for 127.0.0.1 at 2011-02-27 20:27:35) [GET]
  [4;35;1mGame Load (0.4ms)[0m   [0mSELECT * FROM "games" [0m
Rendering template within layouts/application
Rendering games/index
Completed in 8ms (View: 4, DB: 0) | 200 OK [http://localhost/]


Processing GamesController#index (for 127.0.0.1 at 2011-02-27 20:27:44) [GET]
  [4;36;1mGame Load (0.4ms)[0m   [0;1mSELECT * FROM "games" [0m
Rendering template within layouts/application
Rendering games/index
Completed in 8ms (View: 4, DB: 0) | 200 OK [http://localhost/]
